mode: count
github.com/mergermarket/run-amqp/config.go:28.35,30.2 1 1
github.com/mergermarket/run-amqp/config.go:56.62,58.2 1 8
github.com/mergermarket/run-amqp/config.go:61.134,74.2 1 9
github.com/mergermarket/run-amqp/config.go:77.189,79.24 1 22
github.com/mergermarket/run-amqp/config.go:84.2,106.3 2 22
github.com/mergermarket/run-amqp/config.go:79.24,82.3 2 16
github.com/mergermarket/run-amqp/exchange.go:27.56,30.23 2 7
github.com/mergermarket/run-amqp/exchange.go:31.2,32.20 1 2
github.com/mergermarket/run-amqp/exchange.go:33.2,34.21 1 2
github.com/mergermarket/run-amqp/exchange.go:35.2,36.21 1 2
github.com/mergermarket/run-amqp/exchange.go:37.2,38.72 1 1
github.com/mergermarket/run-amqp/exchange.go:49.100,51.34 1 65
github.com/mergermarket/run-amqp/exchange.go:55.2,63.3 1 64
github.com/mergermarket/run-amqp/exchange.go:51.34,53.3 1 1
github.com/mergermarket/run-amqp/message.go:29.37,31.2 1 29
github.com/mergermarket/run-amqp/message.go:34.35,36.2 1 16
github.com/mergermarket/run-amqp/message.go:39.49,43.16 2 4
github.com/mergermarket/run-amqp/message.go:47.2,58.12 5 4
github.com/mergermarket/run-amqp/message.go:43.16,45.3 1 0
github.com/mergermarket/run-amqp/message.go:62.52,64.22 1 15
github.com/mergermarket/run-amqp/message.go:98.2,98.32 1 10
github.com/mergermarket/run-amqp/message.go:64.22,66.76 2 5
github.com/mergermarket/run-amqp/message.go:76.3,76.32 1 5
github.com/mergermarket/run-amqp/message.go:80.3,91.17 5 3
github.com/mergermarket/run-amqp/message.go:95.3,95.99 1 3
github.com/mergermarket/run-amqp/message.go:66.76,68.46 1 2
github.com/mergermarket/run-amqp/message.go:68.46,70.5 1 0
github.com/mergermarket/run-amqp/message.go:70.5,72.5 1 2
github.com/mergermarket/run-amqp/message.go:76.32,78.4 1 2
github.com/mergermarket/run-amqp/message.go:91.17,93.4 1 0
github.com/mergermarket/run-amqp/publish_options.go:15.41,17.2 1 5
github.com/mergermarket/run-amqp/stubbedMessage.go:51.37,53.2 1 3
github.com/mergermarket/run-amqp/stubbedMessage.go:56.35,57.27 1 8
github.com/mergermarket/run-amqp/stubbedMessage.go:60.2,60.24 1 7
github.com/mergermarket/run-amqp/stubbedMessage.go:63.2,63.23 1 6
github.com/mergermarket/run-amqp/stubbedMessage.go:66.2,67.12 2 5
github.com/mergermarket/run-amqp/stubbedMessage.go:57.27,59.3 1 1
github.com/mergermarket/run-amqp/stubbedMessage.go:60.24,62.3 1 1
github.com/mergermarket/run-amqp/stubbedMessage.go:63.23,65.3 1 1
github.com/mergermarket/run-amqp/stubbedMessage.go:71.49,72.23 1 7
github.com/mergermarket/run-amqp/stubbedMessage.go:75.2,75.27 1 6
github.com/mergermarket/run-amqp/stubbedMessage.go:78.2,78.24 1 5
github.com/mergermarket/run-amqp/stubbedMessage.go:82.2,84.12 3 4
github.com/mergermarket/run-amqp/stubbedMessage.go:72.23,74.3 1 1
github.com/mergermarket/run-amqp/stubbedMessage.go:75.27,77.3 1 1
github.com/mergermarket/run-amqp/stubbedMessage.go:78.24,80.3 1 1
github.com/mergermarket/run-amqp/stubbedMessage.go:88.52,89.23 1 7
github.com/mergermarket/run-amqp/stubbedMessage.go:92.2,92.24 1 6
github.com/mergermarket/run-amqp/stubbedMessage.go:95.2,95.27 1 5
github.com/mergermarket/run-amqp/stubbedMessage.go:99.2,101.12 3 4
github.com/mergermarket/run-amqp/stubbedMessage.go:89.23,91.3 1 1
github.com/mergermarket/run-amqp/stubbedMessage.go:92.24,94.3 1 1
github.com/mergermarket/run-amqp/stubbedMessage.go:95.27,97.3 1 1
github.com/mergermarket/run-amqp/stubbedMessage.go:105.40,107.2 1 8
github.com/mergermarket/run-amqp/stubbedMessage.go:110.41,112.2 1 8
github.com/mergermarket/run-amqp/stubbedMessage.go:115.61,117.2 1 2
github.com/mergermarket/run-amqp/stubbedMessage.go:120.44,122.2 1 8
github.com/mergermarket/run-amqp/stubbedMessage.go:125.63,127.2 1 2
github.com/mergermarket/run-amqp/stubbedMessage.go:130.45,135.2 4 25
github.com/mergermarket/run-amqp/workerpool.go:5.95,10.12 3 4
github.com/mergermarket/run-amqp/workerpool.go:10.12,11.25 1 4
github.com/mergermarket/run-amqp/workerpool.go:11.25,13.32 2 13
github.com/mergermarket/run-amqp/workerpool.go:13.32,15.18 1 13
github.com/mergermarket/run-amqp/workerpool.go:21.5,22.13 2 13
github.com/mergermarket/run-amqp/workerpool.go:15.18,16.34 1 13
github.com/mergermarket/run-amqp/workerpool.go:16.34,18.7 1 1
github.com/mergermarket/run-amqp/SimpleLogger.go:14.47,16.2 1 13
github.com/mergermarket/run-amqp/SimpleLogger.go:19.48,21.2 1 1
github.com/mergermarket/run-amqp/SimpleLogger.go:24.48,26.2 1 14
github.com/mergermarket/run-amqp/consumer.go:25.73,28.2 2 2
github.com/mergermarket/run-amqp/consumer.go:31.51,43.2 3 14
github.com/mergermarket/run-amqp/consumer.go:45.38,49.57 2 14
github.com/mergermarket/run-amqp/consumer.go:54.2,56.16 2 14
github.com/mergermarket/run-amqp/consumer.go:61.2,61.23 1 14
github.com/mergermarket/run-amqp/consumer.go:49.57,52.3 2 0
github.com/mergermarket/run-amqp/consumer.go:56.16,59.3 2 0
github.com/mergermarket/run-amqp/consumer.go:64.41,76.16 2 14
github.com/mergermarket/run-amqp/consumer.go:80.2,82.12 2 14
github.com/mergermarket/run-amqp/consumer.go:96.2,96.12 1 14
github.com/mergermarket/run-amqp/consumer.go:76.16,78.3 1 0
github.com/mergermarket/run-amqp/consumer.go:82.12,83.23 1 14
github.com/mergermarket/run-amqp/consumer.go:83.23,93.4 1 25
github.com/mergermarket/run-amqp/consumer.go:99.143,109.16 2 46
github.com/mergermarket/run-amqp/consumer.go:113.2,113.35 1 46
github.com/mergermarket/run-amqp/consumer.go:119.2,119.12 1 46
github.com/mergermarket/run-amqp/consumer.go:109.16,111.3 1 0
github.com/mergermarket/run-amqp/consumer.go:113.35,114.84 1 49
github.com/mergermarket/run-amqp/consumer.go:114.84,116.4 1 0
github.com/mergermarket/run-amqp/consumer_channels.go:17.67,21.2 1 20
github.com/mergermarket/run-amqp/consumer_channels.go:23.102,30.2 4 14
github.com/mergermarket/run-amqp/consumer_channels.go:32.97,40.16 4 17
github.com/mergermarket/run-amqp/consumer_channels.go:44.2,46.12 2 16
github.com/mergermarket/run-amqp/consumer_channels.go:40.16,42.3 1 1
github.com/mergermarket/run-amqp/consumer_channels.go:49.103,58.16 4 16
github.com/mergermarket/run-amqp/consumer_channels.go:62.2,64.12 2 15
github.com/mergermarket/run-amqp/consumer_channels.go:58.16,60.3 1 1
github.com/mergermarket/run-amqp/consumer_channels.go:69.98,81.16 6 15
github.com/mergermarket/run-amqp/consumer_channels.go:85.2,90.16 3 15
github.com/mergermarket/run-amqp/consumer_channels.go:94.2,104.16 8 15
github.com/mergermarket/run-amqp/consumer_channels.go:108.2,112.16 3 15
github.com/mergermarket/run-amqp/consumer_channels.go:116.2,118.12 2 15
github.com/mergermarket/run-amqp/consumer_channels.go:81.16,83.3 1 0
github.com/mergermarket/run-amqp/consumer_channels.go:90.16,92.3 1 0
github.com/mergermarket/run-amqp/consumer_channels.go:104.16,106.3 1 0
github.com/mergermarket/run-amqp/consumer_channels.go:112.16,114.3 1 0
github.com/mergermarket/run-amqp/consumer_channels.go:121.190,125.12 2 42
github.com/mergermarket/run-amqp/consumer_channels.go:135.2,135.16 1 42
github.com/mergermarket/run-amqp/consumer_channels.go:125.12,126.67 1 42
github.com/mergermarket/run-amqp/consumer_channels.go:126.67,128.18 2 42
github.com/mergermarket/run-amqp/consumer_channels.go:131.4,131.25 1 42
github.com/mergermarket/run-amqp/consumer_channels.go:128.18,130.5 1 0
github.com/mergermarket/run-amqp/consumer_channels.go:139.50,144.28 4 14
github.com/mergermarket/run-amqp/consumer_channels.go:153.2,155.27 2 14
github.com/mergermarket/run-amqp/consumer_channels.go:144.28,145.31 1 42
github.com/mergermarket/run-amqp/consumer_channels.go:145.31,147.37 2 42
github.com/mergermarket/run-amqp/consumer_channels.go:147.37,149.5 1 0
github.com/mergermarket/run-amqp/publisher-server.go:29.99,42.16 9 17
github.com/mergermarket/run-amqp/publisher-server.go:46.2,51.10 3 17
github.com/mergermarket/run-amqp/publisher-server.go:42.16,44.3 1 0
github.com/mergermarket/run-amqp/publisher-server.go:54.77,56.2 1 8
github.com/mergermarket/run-amqp/publisher-server.go:58.73,61.28 2 6
github.com/mergermarket/run-amqp/publisher-server.go:66.2,66.32 1 5
github.com/mergermarket/run-amqp/publisher-server.go:74.2,74.33 1 4
github.com/mergermarket/run-amqp/publisher-server.go:79.2,84.112 5 3
github.com/mergermarket/run-amqp/publisher-server.go:117.2,121.16 3 3
github.com/mergermarket/run-amqp/publisher-server.go:126.2,126.63 1 2
github.com/mergermarket/run-amqp/publisher-server.go:61.28,64.3 2 1
github.com/mergermarket/run-amqp/publisher-server.go:66.32,68.61 1 1
github.com/mergermarket/run-amqp/publisher-server.go:71.3,71.9 1 1
github.com/mergermarket/run-amqp/publisher-server.go:68.61,70.4 1 0
github.com/mergermarket/run-amqp/publisher-server.go:74.33,77.3 2 1
github.com/mergermarket/run-amqp/publisher-server.go:84.112,88.17 2 1
github.com/mergermarket/run-amqp/publisher-server.go:93.3,97.48 5 1
github.com/mergermarket/run-amqp/publisher-server.go:88.17,91.4 2 0
github.com/mergermarket/run-amqp/publisher-server.go:99.3,105.17 3 2
github.com/mergermarket/run-amqp/publisher-server.go:110.3,114.55 5 2
github.com/mergermarket/run-amqp/publisher-server.go:105.17,108.4 2 0
github.com/mergermarket/run-amqp/publisher-server.go:121.16,124.3 2 1
github.com/mergermarket/run-amqp/publisher-server.go:129.76,131.27 2 2
github.com/mergermarket/run-amqp/publisher-server.go:131.27,134.3 2 1
github.com/mergermarket/run-amqp/publisher-server.go:134.3,137.3 2 1
github.com/mergermarket/run-amqp/publisher.go:22.72,29.20 4 11
github.com/mergermarket/run-amqp/publisher.go:40.2,51.16 2 11
github.com/mergermarket/run-amqp/publisher.go:56.2,56.19 1 11
github.com/mergermarket/run-amqp/publisher.go:65.2,65.12 1 11
github.com/mergermarket/run-amqp/publisher.go:29.20,32.35 2 5
github.com/mergermarket/run-amqp/publisher.go:37.3,37.30 1 5
github.com/mergermarket/run-amqp/publisher.go:32.35,35.4 2 1
github.com/mergermarket/run-amqp/publisher.go:51.16,54.3 2 0
github.com/mergermarket/run-amqp/publisher.go:56.19,60.3 2 5
github.com/mergermarket/run-amqp/publisher.go:60.3,63.3 2 6
github.com/mergermarket/run-amqp/publisher.go:69.36,71.2 1 0
github.com/mergermarket/run-amqp/publisher.go:74.54,82.2 6 9
github.com/mergermarket/run-amqp/publisher.go:84.71,86.2 1 0
github.com/mergermarket/run-amqp/publisher.go:88.50,90.72 2 9
github.com/mergermarket/run-amqp/publisher.go:90.72,92.3 1 9
github.com/mergermarket/run-amqp/publisher.go:94.67,97.26 3 9
github.com/mergermarket/run-amqp/publisher.go:101.2,103.42 3 9
github.com/mergermarket/run-amqp/publisher.go:97.26,100.3 1 1
github.com/mergermarket/run-amqp/publisher.go:106.43,110.16 4 1
github.com/mergermarket/run-amqp/publisher.go:115.2,115.12 1 1
github.com/mergermarket/run-amqp/publisher.go:110.16,113.3 2 0
github.com/mergermarket/run-amqp/publisher.go:115.12,119.28 3 1
github.com/mergermarket/run-amqp/publisher.go:119.28,122.4 2 1
github.com/mergermarket/run-amqp/publisher.go:126.49,127.33 1 9
github.com/mergermarket/run-amqp/publisher.go:127.33,131.13 3 9
github.com/mergermarket/run-amqp/publisher.go:131.13,132.35 1 9
github.com/mergermarket/run-amqp/publisher.go:132.35,135.5 2 1
github.com/mergermarket/run-amqp/connection/channel-connection.go:23.87,32.2 2 6
github.com/mergermarket/run-amqp/connection/channel-connection.go:34.64,37.2 2 8
github.com/mergermarket/run-amqp/connection/channel-connection.go:39.53,41.2 1 7
github.com/mergermarket/run-amqp/connection/channel-connection.go:43.50,45.2 1 2
github.com/mergermarket/run-amqp/connection/channel-connection.go:47.32,52.16 3 10
github.com/mergermarket/run-amqp/connection/channel-connection.go:57.2,60.9 4 10
github.com/mergermarket/run-amqp/connection/channel-connection.go:52.16,55.3 2 0
github.com/mergermarket/run-amqp/connection/channel-connection.go:60.9,62.3 1 10
github.com/mergermarket/run-amqp/connection/channel-connection.go:65.47,67.12 1 10
github.com/mergermarket/run-amqp/connection/channel-connection.go:67.12,71.7 2 10
github.com/mergermarket/run-amqp/connection/channel-connection.go:71.7,73.24 2 147418751
github.com/mergermarket/run-amqp/connection/channel-connection.go:73.24,77.5 3 2
github.com/mergermarket/run-amqp/connection/channel-connection.go:81.42,84.16 2 2
github.com/mergermarket/run-amqp/connection/channel-connection.go:84.16,86.3 1 0
github.com/mergermarket/run-amqp/connection/connection-manager.go:27.72,41.2 4 3
github.com/mergermarket/run-amqp/connection/connection-manager.go:43.68,48.12 3 5
github.com/mergermarket/run-amqp/connection/connection-manager.go:54.2,54.39 1 5
github.com/mergermarket/run-amqp/connection/connection-manager.go:48.12,49.30 1 5
github.com/mergermarket/run-amqp/connection/connection-manager.go:49.30,51.4 1 2
github.com/mergermarket/run-amqp/connection/connection-manager.go:57.49,58.34 1 3
github.com/mergermarket/run-amqp/connection/connection-manager.go:58.34,60.58 2 4
github.com/mergermarket/run-amqp/connection/connection-manager.go:60.58,62.4 1 5
github.com/mergermarket/run-amqp/connection/connection-manager.go:66.56,68.2 1 1
github.com/mergermarket/run-amqp/connection/connection-manager.go:70.72,72.45 1 1
github.com/mergermarket/run-amqp/connection/connection-manager.go:75.2,77.12 2 1
github.com/mergermarket/run-amqp/connection/connection-manager.go:72.45,74.3 1 0
github.com/mergermarket/run-amqp/connection/server-connection.go:26.70,39.2 3 5
github.com/mergermarket/run-amqp/connection/server-connection.go:41.62,43.2 1 5
github.com/mergermarket/run-amqp/connection/server-connection.go:45.55,47.2 1 0
github.com/mergermarket/run-amqp/connection/server-connection.go:49.50,51.2 1 2
github.com/mergermarket/run-amqp/connection/server-connection.go:53.33,55.6 2 7
github.com/mergermarket/run-amqp/connection/server-connection.go:55.6,62.17 4 7
github.com/mergermarket/run-amqp/connection/server-connection.go:71.3,76.13 5 7
github.com/mergermarket/run-amqp/connection/server-connection.go:80.3,80.9 1 7
github.com/mergermarket/run-amqp/connection/server-connection.go:62.17,68.12 6 0
github.com/mergermarket/run-amqp/connection/server-connection.go:76.13,78.4 1 7
github.com/mergermarket/run-amqp/connection/server-connection.go:85.50,87.12 1 7
github.com/mergermarket/run-amqp/connection/server-connection.go:87.12,91.7 2 6
github.com/mergermarket/run-amqp/connection/server-connection.go:91.7,93.24 2 33762458
github.com/mergermarket/run-amqp/connection/server-connection.go:93.24,97.5 3 2
github.com/mergermarket/run-amqp/connection/server-connection.go:103.52,105.12 1 7
github.com/mergermarket/run-amqp/connection/server-connection.go:105.12,109.7 2 6
github.com/mergermarket/run-amqp/connection/server-connection.go:109.7,110.41 1 28128218
github.com/mergermarket/run-amqp/connection/server-connection.go:110.41,114.5 3 0
github.com/mergermarket/run-amqp/connection/server-connection.go:119.45,122.16 2 2
github.com/mergermarket/run-amqp/connection/server-connection.go:122.16,124.3 1 0
github.com/mergermarket/run-amqp/connection/stubAMQPChannel.go:22.67,26.2 3 0
github.com/mergermarket/run-amqp/connection/stubAMQPChannel.go:28.63,30.2 1 0
github.com/mergermarket/run-amqp/connection/stubAMQPChannel.go:32.42,36.2 3 0
github.com/mergermarket/run-amqp/connection/stubAMQPChannel.go:38.59,40.2 1 0
github.com/mergermarket/run-amqp/connection/stubAMQPChannel.go:42.77,46.2 3 0
github.com/mergermarket/run-amqp/connection/stubAMQPChannel.go:48.81,50.2 1 0
github.com/mergermarket/run-amqp/connection/stubAMQPChannel.go:52.62,56.2 3 0
github.com/mergermarket/run-amqp/connection/stubAMQPChannel.go:58.80,60.2 1 0
github.com/mergermarket/run-amqp/connection/stubAMQPChannel.go:62.78,66.2 3 0
github.com/mergermarket/run-amqp/connection/stubAMQPChannel.go:68.82,70.2 1 0
github.com/mergermarket/run-amqp/connection/stubAMQPChannel.go:72.68,76.2 3 0
github.com/mergermarket/run-amqp/connection/stubAMQPChannel.go:78.82,80.2 1 0
github.com/mergermarket/run-amqp/connection/stubAMQPChannel.go:82.104,87.2 4 0
github.com/mergermarket/run-amqp/connection/stubAMQPChannel.go:89.89,91.2 1 0
github.com/mergermarket/run-amqp/connection/stubAMQPChannel.go:93.97,97.2 3 0
github.com/mergermarket/run-amqp/connection/stubAMQPChannel.go:99.83,101.2 1 0
github.com/mergermarket/run-amqp/connection/stubAMQPChannel.go:103.88,107.2 3 0
github.com/mergermarket/run-amqp/connection/stubAMQPChannel.go:109.85,111.2 1 0
github.com/mergermarket/run-amqp/connection/stubAMQPChannel.go:113.71,117.2 3 0
github.com/mergermarket/run-amqp/connection/stubAMQPChannel.go:119.82,121.2 1 0
github.com/mergermarket/run-amqp/connection/stubAMQPChannel.go:123.151,128.2 4 0
github.com/mergermarket/run-amqp/connection/stubAMQPChannel.go:130.154,132.2 1 0
github.com/mergermarket/run-amqp/connection/stubAMQPChannel.go:134.158,139.2 4 0
github.com/mergermarket/run-amqp/connection/stubAMQPChannel.go:141.119,143.2 1 0
github.com/mergermarket/run-amqp/connection/stubAMQPChannel.go:145.74,150.2 4 0
github.com/mergermarket/run-amqp/connection/stubAMQPChannel.go:152.82,154.2 1 0
github.com/mergermarket/run-amqp/connection/stubAMQPChannel.go:156.116,160.2 3 0
github.com/mergermarket/run-amqp/connection/stubAMQPChannel.go:162.133,164.2 1 0
github.com/mergermarket/run-amqp/connection/stubAMQPChannel.go:166.105,170.2 3 0
github.com/mergermarket/run-amqp/connection/stubAMQPChannel.go:172.99,174.2 1 0
github.com/mergermarket/run-amqp/connection/stubAMQPChannel.go:176.78,181.2 4 0
github.com/mergermarket/run-amqp/connection/stubAMQPChannel.go:183.86,185.2 1 0
github.com/mergermarket/run-amqp/connection/stubAMQPChannel.go:187.108,192.2 4 0
github.com/mergermarket/run-amqp/connection/stubAMQPChannel.go:194.99,196.2 1 0
github.com/mergermarket/run-amqp/connection/stubAMQPChannel.go:198.171,203.2 4 0
github.com/mergermarket/run-amqp/connection/stubAMQPChannel.go:205.113,207.2 1 0
github.com/mergermarket/run-amqp/connection/stubAMQPChannel.go:209.152,213.2 3 0
github.com/mergermarket/run-amqp/connection/stubAMQPChannel.go:215.169,217.2 1 0
github.com/mergermarket/run-amqp/connection/stubAMQPChannel.go:219.159,223.2 3 0
github.com/mergermarket/run-amqp/connection/stubAMQPChannel.go:225.128,227.2 1 0
github.com/mergermarket/run-amqp/connection/stubAMQPChannel.go:229.90,233.2 3 0
github.com/mergermarket/run-amqp/connection/stubAMQPChannel.go:235.96,237.2 1 0
github.com/mergermarket/run-amqp/connection/stubAMQPChannel.go:239.124,243.2 3 0
github.com/mergermarket/run-amqp/connection/stubAMQPChannel.go:245.106,247.2 1 0
github.com/mergermarket/run-amqp/connection/stubAMQPChannel.go:249.126,253.2 3 0
github.com/mergermarket/run-amqp/connection/stubAMQPChannel.go:255.108,257.2 1 0
github.com/mergermarket/run-amqp/connection/stubAMQPChannel.go:259.124,263.2 3 0
github.com/mergermarket/run-amqp/connection/stubAMQPChannel.go:265.101,267.2 1 0
github.com/mergermarket/run-amqp/connection/stubAMQPChannel.go:269.89,275.2 5 0
github.com/mergermarket/run-amqp/connection/stubAMQPChannel.go:277.79,279.2 1 0
github.com/mergermarket/run-amqp/connection/stubAMQPChannel.go:281.39,285.2 3 0
github.com/mergermarket/run-amqp/connection/stubAMQPChannel.go:287.56,289.2 1 0
github.com/mergermarket/run-amqp/connection/stubAMQPChannel.go:291.45,295.2 3 0
github.com/mergermarket/run-amqp/connection/stubAMQPChannel.go:297.62,299.2 1 0
github.com/mergermarket/run-amqp/connection/stubAMQPChannel.go:301.47,305.2 3 0
github.com/mergermarket/run-amqp/connection/stubAMQPChannel.go:307.64,309.2 1 0
github.com/mergermarket/run-amqp/connection/stubAMQPChannel.go:311.52,315.2 3 0
github.com/mergermarket/run-amqp/connection/stubAMQPChannel.go:317.74,319.2 1 0
github.com/mergermarket/run-amqp/connection/stubAMQPChannel.go:321.55,325.2 3 0
github.com/mergermarket/run-amqp/connection/stubAMQPChannel.go:327.77,329.2 1 0
github.com/mergermarket/run-amqp/connection/stubAMQPChannel.go:331.56,335.2 3 0
github.com/mergermarket/run-amqp/connection/stubAMQPChannel.go:337.77,339.2 1 0
github.com/mergermarket/run-amqp/connection/stubAMQPChannel.go:341.65,345.2 3 0
github.com/mergermarket/run-amqp/connection/stubAMQPChannel.go:347.79,349.2 1 0
github.com/mergermarket/run-amqp/connection/stubAMQPChannel.go:351.80,355.2 3 0
github.com/mergermarket/run-amqp/connection/stubAMQPChannel.go:357.86,359.2 1 0
github.com/mergermarket/run-amqp/connection/stubAMQPChannel.go:361.67,365.2 3 0
github.com/mergermarket/run-amqp/connection/stubAMQPChannel.go:367.82,369.2 1 0
github.com/mergermarket/run-amqp/connection/channel-connection.go:23.87,32.2 2 6
github.com/mergermarket/run-amqp/connection/channel-connection.go:34.64,37.2 2 8
github.com/mergermarket/run-amqp/connection/channel-connection.go:39.53,41.2 1 7
github.com/mergermarket/run-amqp/connection/channel-connection.go:43.50,45.2 1 2
github.com/mergermarket/run-amqp/connection/channel-connection.go:47.32,52.16 3 10
github.com/mergermarket/run-amqp/connection/channel-connection.go:57.2,60.9 4 10
github.com/mergermarket/run-amqp/connection/channel-connection.go:52.16,55.3 2 0
github.com/mergermarket/run-amqp/connection/channel-connection.go:60.9,62.3 1 10
github.com/mergermarket/run-amqp/connection/channel-connection.go:65.47,67.12 1 10
github.com/mergermarket/run-amqp/connection/channel-connection.go:67.12,71.7 2 10
github.com/mergermarket/run-amqp/connection/channel-connection.go:71.7,73.24 2 147418751
github.com/mergermarket/run-amqp/connection/channel-connection.go:73.24,77.5 3 2
github.com/mergermarket/run-amqp/connection/channel-connection.go:81.42,84.16 2 2
github.com/mergermarket/run-amqp/connection/channel-connection.go:84.16,86.3 1 0
github.com/mergermarket/run-amqp/connection/connection-manager.go:27.72,41.2 4 3
github.com/mergermarket/run-amqp/connection/connection-manager.go:43.68,48.12 3 5
github.com/mergermarket/run-amqp/connection/connection-manager.go:54.2,54.39 1 5
github.com/mergermarket/run-amqp/connection/connection-manager.go:48.12,49.30 1 5
github.com/mergermarket/run-amqp/connection/connection-manager.go:49.30,51.4 1 2
github.com/mergermarket/run-amqp/connection/connection-manager.go:57.49,58.34 1 3
github.com/mergermarket/run-amqp/connection/connection-manager.go:58.34,60.58 2 4
github.com/mergermarket/run-amqp/connection/connection-manager.go:60.58,62.4 1 5
github.com/mergermarket/run-amqp/connection/connection-manager.go:66.56,68.2 1 1
github.com/mergermarket/run-amqp/connection/connection-manager.go:70.72,72.45 1 1
github.com/mergermarket/run-amqp/connection/connection-manager.go:75.2,77.12 2 1
github.com/mergermarket/run-amqp/connection/connection-manager.go:72.45,74.3 1 0
github.com/mergermarket/run-amqp/connection/server-connection.go:26.70,39.2 3 5
github.com/mergermarket/run-amqp/connection/server-connection.go:41.62,43.2 1 5
github.com/mergermarket/run-amqp/connection/server-connection.go:45.55,47.2 1 0
github.com/mergermarket/run-amqp/connection/server-connection.go:49.50,51.2 1 2
github.com/mergermarket/run-amqp/connection/server-connection.go:53.33,55.6 2 7
github.com/mergermarket/run-amqp/connection/server-connection.go:55.6,62.17 4 7
github.com/mergermarket/run-amqp/connection/server-connection.go:71.3,76.13 5 7
github.com/mergermarket/run-amqp/connection/server-connection.go:80.3,80.9 1 7
github.com/mergermarket/run-amqp/connection/server-connection.go:62.17,68.12 6 0
github.com/mergermarket/run-amqp/connection/server-connection.go:76.13,78.4 1 7
github.com/mergermarket/run-amqp/connection/server-connection.go:85.50,87.12 1 7
github.com/mergermarket/run-amqp/connection/server-connection.go:87.12,91.7 2 6
github.com/mergermarket/run-amqp/connection/server-connection.go:91.7,93.24 2 33762458
github.com/mergermarket/run-amqp/connection/server-connection.go:93.24,97.5 3 2
github.com/mergermarket/run-amqp/connection/server-connection.go:103.52,105.12 1 7
github.com/mergermarket/run-amqp/connection/server-connection.go:105.12,109.7 2 6
github.com/mergermarket/run-amqp/connection/server-connection.go:109.7,110.41 1 28128218
github.com/mergermarket/run-amqp/connection/server-connection.go:110.41,114.5 3 0
github.com/mergermarket/run-amqp/connection/server-connection.go:119.45,122.16 2 2
github.com/mergermarket/run-amqp/connection/server-connection.go:122.16,124.3 1 0
github.com/mergermarket/run-amqp/connection/stubAMQPChannel.go:22.67,26.2 3 0
github.com/mergermarket/run-amqp/connection/stubAMQPChannel.go:28.63,30.2 1 0
github.com/mergermarket/run-amqp/connection/stubAMQPChannel.go:32.42,36.2 3 0
github.com/mergermarket/run-amqp/connection/stubAMQPChannel.go:38.59,40.2 1 0
github.com/mergermarket/run-amqp/connection/stubAMQPChannel.go:42.77,46.2 3 0
github.com/mergermarket/run-amqp/connection/stubAMQPChannel.go:48.81,50.2 1 0
github.com/mergermarket/run-amqp/connection/stubAMQPChannel.go:52.62,56.2 3 0
github.com/mergermarket/run-amqp/connection/stubAMQPChannel.go:58.80,60.2 1 0
github.com/mergermarket/run-amqp/connection/stubAMQPChannel.go:62.78,66.2 3 0
github.com/mergermarket/run-amqp/connection/stubAMQPChannel.go:68.82,70.2 1 0
github.com/mergermarket/run-amqp/connection/stubAMQPChannel.go:72.68,76.2 3 0
github.com/mergermarket/run-amqp/connection/stubAMQPChannel.go:78.82,80.2 1 0
github.com/mergermarket/run-amqp/connection/stubAMQPChannel.go:82.104,87.2 4 0
github.com/mergermarket/run-amqp/connection/stubAMQPChannel.go:89.89,91.2 1 0
github.com/mergermarket/run-amqp/connection/stubAMQPChannel.go:93.97,97.2 3 0
github.com/mergermarket/run-amqp/connection/stubAMQPChannel.go:99.83,101.2 1 0
github.com/mergermarket/run-amqp/connection/stubAMQPChannel.go:103.88,107.2 3 0
github.com/mergermarket/run-amqp/connection/stubAMQPChannel.go:109.85,111.2 1 0
github.com/mergermarket/run-amqp/connection/stubAMQPChannel.go:113.71,117.2 3 0
github.com/mergermarket/run-amqp/connection/stubAMQPChannel.go:119.82,121.2 1 0
github.com/mergermarket/run-amqp/connection/stubAMQPChannel.go:123.151,128.2 4 0
github.com/mergermarket/run-amqp/connection/stubAMQPChannel.go:130.154,132.2 1 0
github.com/mergermarket/run-amqp/connection/stubAMQPChannel.go:134.158,139.2 4 0
github.com/mergermarket/run-amqp/connection/stubAMQPChannel.go:141.119,143.2 1 0
github.com/mergermarket/run-amqp/connection/stubAMQPChannel.go:145.74,150.2 4 0
github.com/mergermarket/run-amqp/connection/stubAMQPChannel.go:152.82,154.2 1 0
github.com/mergermarket/run-amqp/connection/stubAMQPChannel.go:156.116,160.2 3 0
github.com/mergermarket/run-amqp/connection/stubAMQPChannel.go:162.133,164.2 1 0
github.com/mergermarket/run-amqp/connection/stubAMQPChannel.go:166.105,170.2 3 0
github.com/mergermarket/run-amqp/connection/stubAMQPChannel.go:172.99,174.2 1 0
github.com/mergermarket/run-amqp/connection/stubAMQPChannel.go:176.78,181.2 4 0
github.com/mergermarket/run-amqp/connection/stubAMQPChannel.go:183.86,185.2 1 0
github.com/mergermarket/run-amqp/connection/stubAMQPChannel.go:187.108,192.2 4 0
github.com/mergermarket/run-amqp/connection/stubAMQPChannel.go:194.99,196.2 1 0
github.com/mergermarket/run-amqp/connection/stubAMQPChannel.go:198.171,203.2 4 0
github.com/mergermarket/run-amqp/connection/stubAMQPChannel.go:205.113,207.2 1 0
github.com/mergermarket/run-amqp/connection/stubAMQPChannel.go:209.152,213.2 3 0
github.com/mergermarket/run-amqp/connection/stubAMQPChannel.go:215.169,217.2 1 0
github.com/mergermarket/run-amqp/connection/stubAMQPChannel.go:219.159,223.2 3 0
github.com/mergermarket/run-amqp/connection/stubAMQPChannel.go:225.128,227.2 1 0
github.com/mergermarket/run-amqp/connection/stubAMQPChannel.go:229.90,233.2 3 0
github.com/mergermarket/run-amqp/connection/stubAMQPChannel.go:235.96,237.2 1 0
github.com/mergermarket/run-amqp/connection/stubAMQPChannel.go:239.124,243.2 3 0
github.com/mergermarket/run-amqp/connection/stubAMQPChannel.go:245.106,247.2 1 0
github.com/mergermarket/run-amqp/connection/stubAMQPChannel.go:249.126,253.2 3 0
github.com/mergermarket/run-amqp/connection/stubAMQPChannel.go:255.108,257.2 1 0
github.com/mergermarket/run-amqp/connection/stubAMQPChannel.go:259.124,263.2 3 0
github.com/mergermarket/run-amqp/connection/stubAMQPChannel.go:265.101,267.2 1 0
github.com/mergermarket/run-amqp/connection/stubAMQPChannel.go:269.89,275.2 5 0
github.com/mergermarket/run-amqp/connection/stubAMQPChannel.go:277.79,279.2 1 0
github.com/mergermarket/run-amqp/connection/stubAMQPChannel.go:281.39,285.2 3 0
github.com/mergermarket/run-amqp/connection/stubAMQPChannel.go:287.56,289.2 1 0
github.com/mergermarket/run-amqp/connection/stubAMQPChannel.go:291.45,295.2 3 0
github.com/mergermarket/run-amqp/connection/stubAMQPChannel.go:297.62,299.2 1 0
github.com/mergermarket/run-amqp/connection/stubAMQPChannel.go:301.47,305.2 3 0
github.com/mergermarket/run-amqp/connection/stubAMQPChannel.go:307.64,309.2 1 0
github.com/mergermarket/run-amqp/connection/stubAMQPChannel.go:311.52,315.2 3 0
github.com/mergermarket/run-amqp/connection/stubAMQPChannel.go:317.74,319.2 1 0
github.com/mergermarket/run-amqp/connection/stubAMQPChannel.go:321.55,325.2 3 0
github.com/mergermarket/run-amqp/connection/stubAMQPChannel.go:327.77,329.2 1 0
github.com/mergermarket/run-amqp/connection/stubAMQPChannel.go:331.56,335.2 3 0
github.com/mergermarket/run-amqp/connection/stubAMQPChannel.go:337.77,339.2 1 0
github.com/mergermarket/run-amqp/connection/stubAMQPChannel.go:341.65,345.2 3 0
github.com/mergermarket/run-amqp/connection/stubAMQPChannel.go:347.79,349.2 1 0
github.com/mergermarket/run-amqp/connection/stubAMQPChannel.go:351.80,355.2 3 0
github.com/mergermarket/run-amqp/connection/stubAMQPChannel.go:357.86,359.2 1 0
github.com/mergermarket/run-amqp/connection/stubAMQPChannel.go:361.67,365.2 3 0
github.com/mergermarket/run-amqp/connection/stubAMQPChannel.go:367.82,369.2 1 0
github.com/mergermarket/run-amqp/connection/channel-connection.go:23.87,32.2 2 6
github.com/mergermarket/run-amqp/connection/channel-connection.go:34.64,37.2 2 8
github.com/mergermarket/run-amqp/connection/channel-connection.go:39.53,41.2 1 7
github.com/mergermarket/run-amqp/connection/channel-connection.go:43.50,45.2 1 2
github.com/mergermarket/run-amqp/connection/channel-connection.go:47.32,52.16 3 10
github.com/mergermarket/run-amqp/connection/channel-connection.go:57.2,60.9 4 10
github.com/mergermarket/run-amqp/connection/channel-connection.go:52.16,55.3 2 0
github.com/mergermarket/run-amqp/connection/channel-connection.go:60.9,62.3 1 10
github.com/mergermarket/run-amqp/connection/channel-connection.go:65.47,67.12 1 10
github.com/mergermarket/run-amqp/connection/channel-connection.go:67.12,71.7 2 10
github.com/mergermarket/run-amqp/connection/channel-connection.go:71.7,73.24 2 147418751
github.com/mergermarket/run-amqp/connection/channel-connection.go:73.24,77.5 3 2
github.com/mergermarket/run-amqp/connection/channel-connection.go:81.42,84.16 2 2
github.com/mergermarket/run-amqp/connection/channel-connection.go:84.16,86.3 1 0
github.com/mergermarket/run-amqp/connection/connection-manager.go:27.72,41.2 4 3
github.com/mergermarket/run-amqp/connection/connection-manager.go:43.68,48.12 3 5
github.com/mergermarket/run-amqp/connection/connection-manager.go:54.2,54.39 1 5
github.com/mergermarket/run-amqp/connection/connection-manager.go:48.12,49.30 1 5
github.com/mergermarket/run-amqp/connection/connection-manager.go:49.30,51.4 1 2
github.com/mergermarket/run-amqp/connection/connection-manager.go:57.49,58.34 1 3
github.com/mergermarket/run-amqp/connection/connection-manager.go:58.34,60.58 2 4
github.com/mergermarket/run-amqp/connection/connection-manager.go:60.58,62.4 1 5
github.com/mergermarket/run-amqp/connection/connection-manager.go:66.56,68.2 1 1
github.com/mergermarket/run-amqp/connection/connection-manager.go:70.72,72.45 1 1
github.com/mergermarket/run-amqp/connection/connection-manager.go:75.2,77.12 2 1
github.com/mergermarket/run-amqp/connection/connection-manager.go:72.45,74.3 1 0
github.com/mergermarket/run-amqp/connection/server-connection.go:26.70,39.2 3 5
github.com/mergermarket/run-amqp/connection/server-connection.go:41.62,43.2 1 5
github.com/mergermarket/run-amqp/connection/server-connection.go:45.55,47.2 1 0
github.com/mergermarket/run-amqp/connection/server-connection.go:49.50,51.2 1 2
github.com/mergermarket/run-amqp/connection/server-connection.go:53.33,55.6 2 7
github.com/mergermarket/run-amqp/connection/server-connection.go:55.6,62.17 4 7
github.com/mergermarket/run-amqp/connection/server-connection.go:71.3,76.13 5 7
github.com/mergermarket/run-amqp/connection/server-connection.go:80.3,80.9 1 7
github.com/mergermarket/run-amqp/connection/server-connection.go:62.17,68.12 6 0
github.com/mergermarket/run-amqp/connection/server-connection.go:76.13,78.4 1 7
github.com/mergermarket/run-amqp/connection/server-connection.go:85.50,87.12 1 7
github.com/mergermarket/run-amqp/connection/server-connection.go:87.12,91.7 2 6
github.com/mergermarket/run-amqp/connection/server-connection.go:91.7,93.24 2 33762458
github.com/mergermarket/run-amqp/connection/server-connection.go:93.24,97.5 3 2
github.com/mergermarket/run-amqp/connection/server-connection.go:103.52,105.12 1 7
github.com/mergermarket/run-amqp/connection/server-connection.go:105.12,109.7 2 6
github.com/mergermarket/run-amqp/connection/server-connection.go:109.7,110.41 1 28128218
github.com/mergermarket/run-amqp/connection/server-connection.go:110.41,114.5 3 0
github.com/mergermarket/run-amqp/connection/server-connection.go:119.45,122.16 2 2
github.com/mergermarket/run-amqp/connection/server-connection.go:122.16,124.3 1 0
github.com/mergermarket/run-amqp/connection/stubAMQPChannel.go:22.67,26.2 3 0
github.com/mergermarket/run-amqp/connection/stubAMQPChannel.go:28.63,30.2 1 0
github.com/mergermarket/run-amqp/connection/stubAMQPChannel.go:32.42,36.2 3 0
github.com/mergermarket/run-amqp/connection/stubAMQPChannel.go:38.59,40.2 1 0
github.com/mergermarket/run-amqp/connection/stubAMQPChannel.go:42.77,46.2 3 0
github.com/mergermarket/run-amqp/connection/stubAMQPChannel.go:48.81,50.2 1 0
github.com/mergermarket/run-amqp/connection/stubAMQPChannel.go:52.62,56.2 3 0
github.com/mergermarket/run-amqp/connection/stubAMQPChannel.go:58.80,60.2 1 0
github.com/mergermarket/run-amqp/connection/stubAMQPChannel.go:62.78,66.2 3 0
github.com/mergermarket/run-amqp/connection/stubAMQPChannel.go:68.82,70.2 1 0
github.com/mergermarket/run-amqp/connection/stubAMQPChannel.go:72.68,76.2 3 0
github.com/mergermarket/run-amqp/connection/stubAMQPChannel.go:78.82,80.2 1 0
github.com/mergermarket/run-amqp/connection/stubAMQPChannel.go:82.104,87.2 4 0
github.com/mergermarket/run-amqp/connection/stubAMQPChannel.go:89.89,91.2 1 0
github.com/mergermarket/run-amqp/connection/stubAMQPChannel.go:93.97,97.2 3 0
github.com/mergermarket/run-amqp/connection/stubAMQPChannel.go:99.83,101.2 1 0
github.com/mergermarket/run-amqp/connection/stubAMQPChannel.go:103.88,107.2 3 0
github.com/mergermarket/run-amqp/connection/stubAMQPChannel.go:109.85,111.2 1 0
github.com/mergermarket/run-amqp/connection/stubAMQPChannel.go:113.71,117.2 3 0
github.com/mergermarket/run-amqp/connection/stubAMQPChannel.go:119.82,121.2 1 0
github.com/mergermarket/run-amqp/connection/stubAMQPChannel.go:123.151,128.2 4 0
github.com/mergermarket/run-amqp/connection/stubAMQPChannel.go:130.154,132.2 1 0
github.com/mergermarket/run-amqp/connection/stubAMQPChannel.go:134.158,139.2 4 0
github.com/mergermarket/run-amqp/connection/stubAMQPChannel.go:141.119,143.2 1 0
github.com/mergermarket/run-amqp/connection/stubAMQPChannel.go:145.74,150.2 4 0
github.com/mergermarket/run-amqp/connection/stubAMQPChannel.go:152.82,154.2 1 0
github.com/mergermarket/run-amqp/connection/stubAMQPChannel.go:156.116,160.2 3 0
github.com/mergermarket/run-amqp/connection/stubAMQPChannel.go:162.133,164.2 1 0
github.com/mergermarket/run-amqp/connection/stubAMQPChannel.go:166.105,170.2 3 0
github.com/mergermarket/run-amqp/connection/stubAMQPChannel.go:172.99,174.2 1 0
github.com/mergermarket/run-amqp/connection/stubAMQPChannel.go:176.78,181.2 4 0
github.com/mergermarket/run-amqp/connection/stubAMQPChannel.go:183.86,185.2 1 0
github.com/mergermarket/run-amqp/connection/stubAMQPChannel.go:187.108,192.2 4 0
github.com/mergermarket/run-amqp/connection/stubAMQPChannel.go:194.99,196.2 1 0
github.com/mergermarket/run-amqp/connection/stubAMQPChannel.go:198.171,203.2 4 0
github.com/mergermarket/run-amqp/connection/stubAMQPChannel.go:205.113,207.2 1 0
github.com/mergermarket/run-amqp/connection/stubAMQPChannel.go:209.152,213.2 3 0
github.com/mergermarket/run-amqp/connection/stubAMQPChannel.go:215.169,217.2 1 0
github.com/mergermarket/run-amqp/connection/stubAMQPChannel.go:219.159,223.2 3 0
github.com/mergermarket/run-amqp/connection/stubAMQPChannel.go:225.128,227.2 1 0
github.com/mergermarket/run-amqp/connection/stubAMQPChannel.go:229.90,233.2 3 0
github.com/mergermarket/run-amqp/connection/stubAMQPChannel.go:235.96,237.2 1 0
github.com/mergermarket/run-amqp/connection/stubAMQPChannel.go:239.124,243.2 3 0
github.com/mergermarket/run-amqp/connection/stubAMQPChannel.go:245.106,247.2 1 0
github.com/mergermarket/run-amqp/connection/stubAMQPChannel.go:249.126,253.2 3 0
github.com/mergermarket/run-amqp/connection/stubAMQPChannel.go:255.108,257.2 1 0
github.com/mergermarket/run-amqp/connection/stubAMQPChannel.go:259.124,263.2 3 0
github.com/mergermarket/run-amqp/connection/stubAMQPChannel.go:265.101,267.2 1 0
github.com/mergermarket/run-amqp/connection/stubAMQPChannel.go:269.89,275.2 5 0
github.com/mergermarket/run-amqp/connection/stubAMQPChannel.go:277.79,279.2 1 0
github.com/mergermarket/run-amqp/connection/stubAMQPChannel.go:281.39,285.2 3 0
github.com/mergermarket/run-amqp/connection/stubAMQPChannel.go:287.56,289.2 1 0
github.com/mergermarket/run-amqp/connection/stubAMQPChannel.go:291.45,295.2 3 0
github.com/mergermarket/run-amqp/connection/stubAMQPChannel.go:297.62,299.2 1 0
github.com/mergermarket/run-amqp/connection/stubAMQPChannel.go:301.47,305.2 3 0
github.com/mergermarket/run-amqp/connection/stubAMQPChannel.go:307.64,309.2 1 0
github.com/mergermarket/run-amqp/connection/stubAMQPChannel.go:311.52,315.2 3 0
github.com/mergermarket/run-amqp/connection/stubAMQPChannel.go:317.74,319.2 1 0
github.com/mergermarket/run-amqp/connection/stubAMQPChannel.go:321.55,325.2 3 0
github.com/mergermarket/run-amqp/connection/stubAMQPChannel.go:327.77,329.2 1 0
github.com/mergermarket/run-amqp/connection/stubAMQPChannel.go:331.56,335.2 3 0
github.com/mergermarket/run-amqp/connection/stubAMQPChannel.go:337.77,339.2 1 0
github.com/mergermarket/run-amqp/connection/stubAMQPChannel.go:341.65,345.2 3 0
github.com/mergermarket/run-amqp/connection/stubAMQPChannel.go:347.79,349.2 1 0
github.com/mergermarket/run-amqp/connection/stubAMQPChannel.go:351.80,355.2 3 0
github.com/mergermarket/run-amqp/connection/stubAMQPChannel.go:357.86,359.2 1 0
github.com/mergermarket/run-amqp/connection/stubAMQPChannel.go:361.67,365.2 3 0
github.com/mergermarket/run-amqp/connection/stubAMQPChannel.go:367.82,369.2 1 0
