mode: count
github.com/mergermarket/run-amqp/connection/channel-connection.go:23.87,32.2 2 6
github.com/mergermarket/run-amqp/connection/channel-connection.go:34.64,37.2 2 8
github.com/mergermarket/run-amqp/connection/channel-connection.go:39.53,41.2 1 7
github.com/mergermarket/run-amqp/connection/channel-connection.go:43.50,45.2 1 2
github.com/mergermarket/run-amqp/connection/channel-connection.go:47.32,52.16 3 10
github.com/mergermarket/run-amqp/connection/channel-connection.go:57.2,60.9 4 10
github.com/mergermarket/run-amqp/connection/channel-connection.go:52.16,55.3 2 0
github.com/mergermarket/run-amqp/connection/channel-connection.go:60.9,62.3 1 10
github.com/mergermarket/run-amqp/connection/channel-connection.go:65.47,67.12 1 10
github.com/mergermarket/run-amqp/connection/channel-connection.go:67.12,71.7 2 10
github.com/mergermarket/run-amqp/connection/channel-connection.go:71.7,73.24 2 147418751
github.com/mergermarket/run-amqp/connection/channel-connection.go:73.24,77.5 3 2
github.com/mergermarket/run-amqp/connection/channel-connection.go:81.42,84.16 2 2
github.com/mergermarket/run-amqp/connection/channel-connection.go:84.16,86.3 1 0
github.com/mergermarket/run-amqp/connection/connection-manager.go:27.72,41.2 4 3
github.com/mergermarket/run-amqp/connection/connection-manager.go:43.68,48.12 3 5
github.com/mergermarket/run-amqp/connection/connection-manager.go:54.2,54.39 1 5
github.com/mergermarket/run-amqp/connection/connection-manager.go:48.12,49.30 1 5
github.com/mergermarket/run-amqp/connection/connection-manager.go:49.30,51.4 1 2
github.com/mergermarket/run-amqp/connection/connection-manager.go:57.49,58.34 1 3
github.com/mergermarket/run-amqp/connection/connection-manager.go:58.34,60.58 2 4
github.com/mergermarket/run-amqp/connection/connection-manager.go:60.58,62.4 1 5
github.com/mergermarket/run-amqp/connection/connection-manager.go:66.56,68.2 1 1
github.com/mergermarket/run-amqp/connection/connection-manager.go:70.72,72.45 1 1
github.com/mergermarket/run-amqp/connection/connection-manager.go:75.2,77.12 2 1
github.com/mergermarket/run-amqp/connection/connection-manager.go:72.45,74.3 1 0
github.com/mergermarket/run-amqp/connection/server-connection.go:26.70,39.2 3 5
github.com/mergermarket/run-amqp/connection/server-connection.go:41.62,43.2 1 5
github.com/mergermarket/run-amqp/connection/server-connection.go:45.55,47.2 1 0
github.com/mergermarket/run-amqp/connection/server-connection.go:49.50,51.2 1 2
github.com/mergermarket/run-amqp/connection/server-connection.go:53.33,55.6 2 7
github.com/mergermarket/run-amqp/connection/server-connection.go:55.6,62.17 4 7
github.com/mergermarket/run-amqp/connection/server-connection.go:71.3,76.13 5 7
github.com/mergermarket/run-amqp/connection/server-connection.go:80.3,80.9 1 7
github.com/mergermarket/run-amqp/connection/server-connection.go:62.17,68.12 6 0
github.com/mergermarket/run-amqp/connection/server-connection.go:76.13,78.4 1 7
github.com/mergermarket/run-amqp/connection/server-connection.go:85.50,87.12 1 7
github.com/mergermarket/run-amqp/connection/server-connection.go:87.12,91.7 2 6
github.com/mergermarket/run-amqp/connection/server-connection.go:91.7,93.24 2 33762458
github.com/mergermarket/run-amqp/connection/server-connection.go:93.24,97.5 3 2
github.com/mergermarket/run-amqp/connection/server-connection.go:103.52,105.12 1 7
github.com/mergermarket/run-amqp/connection/server-connection.go:105.12,109.7 2 6
github.com/mergermarket/run-amqp/connection/server-connection.go:109.7,110.41 1 28128218
github.com/mergermarket/run-amqp/connection/server-connection.go:110.41,114.5 3 0
github.com/mergermarket/run-amqp/connection/server-connection.go:119.45,122.16 2 2
github.com/mergermarket/run-amqp/connection/server-connection.go:122.16,124.3 1 0
github.com/mergermarket/run-amqp/connection/stubAMQPChannel.go:22.67,26.2 3 0
github.com/mergermarket/run-amqp/connection/stubAMQPChannel.go:28.63,30.2 1 0
github.com/mergermarket/run-amqp/connection/stubAMQPChannel.go:32.42,36.2 3 0
github.com/mergermarket/run-amqp/connection/stubAMQPChannel.go:38.59,40.2 1 0
github.com/mergermarket/run-amqp/connection/stubAMQPChannel.go:42.77,46.2 3 0
github.com/mergermarket/run-amqp/connection/stubAMQPChannel.go:48.81,50.2 1 0
github.com/mergermarket/run-amqp/connection/stubAMQPChannel.go:52.62,56.2 3 0
github.com/mergermarket/run-amqp/connection/stubAMQPChannel.go:58.80,60.2 1 0
github.com/mergermarket/run-amqp/connection/stubAMQPChannel.go:62.78,66.2 3 0
github.com/mergermarket/run-amqp/connection/stubAMQPChannel.go:68.82,70.2 1 0
github.com/mergermarket/run-amqp/connection/stubAMQPChannel.go:72.68,76.2 3 0
github.com/mergermarket/run-amqp/connection/stubAMQPChannel.go:78.82,80.2 1 0
github.com/mergermarket/run-amqp/connection/stubAMQPChannel.go:82.104,87.2 4 0
github.com/mergermarket/run-amqp/connection/stubAMQPChannel.go:89.89,91.2 1 0
github.com/mergermarket/run-amqp/connection/stubAMQPChannel.go:93.97,97.2 3 0
github.com/mergermarket/run-amqp/connection/stubAMQPChannel.go:99.83,101.2 1 0
github.com/mergermarket/run-amqp/connection/stubAMQPChannel.go:103.88,107.2 3 0
github.com/mergermarket/run-amqp/connection/stubAMQPChannel.go:109.85,111.2 1 0
github.com/mergermarket/run-amqp/connection/stubAMQPChannel.go:113.71,117.2 3 0
github.com/mergermarket/run-amqp/connection/stubAMQPChannel.go:119.82,121.2 1 0
github.com/mergermarket/run-amqp/connection/stubAMQPChannel.go:123.151,128.2 4 0
github.com/mergermarket/run-amqp/connection/stubAMQPChannel.go:130.154,132.2 1 0
github.com/mergermarket/run-amqp/connection/stubAMQPChannel.go:134.158,139.2 4 0
github.com/mergermarket/run-amqp/connection/stubAMQPChannel.go:141.119,143.2 1 0
github.com/mergermarket/run-amqp/connection/stubAMQPChannel.go:145.74,150.2 4 0
github.com/mergermarket/run-amqp/connection/stubAMQPChannel.go:152.82,154.2 1 0
github.com/mergermarket/run-amqp/connection/stubAMQPChannel.go:156.116,160.2 3 0
github.com/mergermarket/run-amqp/connection/stubAMQPChannel.go:162.133,164.2 1 0
github.com/mergermarket/run-amqp/connection/stubAMQPChannel.go:166.105,170.2 3 0
github.com/mergermarket/run-amqp/connection/stubAMQPChannel.go:172.99,174.2 1 0
github.com/mergermarket/run-amqp/connection/stubAMQPChannel.go:176.78,181.2 4 0
github.com/mergermarket/run-amqp/connection/stubAMQPChannel.go:183.86,185.2 1 0
github.com/mergermarket/run-amqp/connection/stubAMQPChannel.go:187.108,192.2 4 0
github.com/mergermarket/run-amqp/connection/stubAMQPChannel.go:194.99,196.2 1 0
github.com/mergermarket/run-amqp/connection/stubAMQPChannel.go:198.171,203.2 4 0
github.com/mergermarket/run-amqp/connection/stubAMQPChannel.go:205.113,207.2 1 0
github.com/mergermarket/run-amqp/connection/stubAMQPChannel.go:209.152,213.2 3 0
github.com/mergermarket/run-amqp/connection/stubAMQPChannel.go:215.169,217.2 1 0
github.com/mergermarket/run-amqp/connection/stubAMQPChannel.go:219.159,223.2 3 0
github.com/mergermarket/run-amqp/connection/stubAMQPChannel.go:225.128,227.2 1 0
github.com/mergermarket/run-amqp/connection/stubAMQPChannel.go:229.90,233.2 3 0
github.com/mergermarket/run-amqp/connection/stubAMQPChannel.go:235.96,237.2 1 0
github.com/mergermarket/run-amqp/connection/stubAMQPChannel.go:239.124,243.2 3 0
github.com/mergermarket/run-amqp/connection/stubAMQPChannel.go:245.106,247.2 1 0
github.com/mergermarket/run-amqp/connection/stubAMQPChannel.go:249.126,253.2 3 0
github.com/mergermarket/run-amqp/connection/stubAMQPChannel.go:255.108,257.2 1 0
github.com/mergermarket/run-amqp/connection/stubAMQPChannel.go:259.124,263.2 3 0
github.com/mergermarket/run-amqp/connection/stubAMQPChannel.go:265.101,267.2 1 0
github.com/mergermarket/run-amqp/connection/stubAMQPChannel.go:269.89,275.2 5 0
github.com/mergermarket/run-amqp/connection/stubAMQPChannel.go:277.79,279.2 1 0
github.com/mergermarket/run-amqp/connection/stubAMQPChannel.go:281.39,285.2 3 0
github.com/mergermarket/run-amqp/connection/stubAMQPChannel.go:287.56,289.2 1 0
github.com/mergermarket/run-amqp/connection/stubAMQPChannel.go:291.45,295.2 3 0
github.com/mergermarket/run-amqp/connection/stubAMQPChannel.go:297.62,299.2 1 0
github.com/mergermarket/run-amqp/connection/stubAMQPChannel.go:301.47,305.2 3 0
github.com/mergermarket/run-amqp/connection/stubAMQPChannel.go:307.64,309.2 1 0
github.com/mergermarket/run-amqp/connection/stubAMQPChannel.go:311.52,315.2 3 0
github.com/mergermarket/run-amqp/connection/stubAMQPChannel.go:317.74,319.2 1 0
github.com/mergermarket/run-amqp/connection/stubAMQPChannel.go:321.55,325.2 3 0
github.com/mergermarket/run-amqp/connection/stubAMQPChannel.go:327.77,329.2 1 0
github.com/mergermarket/run-amqp/connection/stubAMQPChannel.go:331.56,335.2 3 0
github.com/mergermarket/run-amqp/connection/stubAMQPChannel.go:337.77,339.2 1 0
github.com/mergermarket/run-amqp/connection/stubAMQPChannel.go:341.65,345.2 3 0
github.com/mergermarket/run-amqp/connection/stubAMQPChannel.go:347.79,349.2 1 0
github.com/mergermarket/run-amqp/connection/stubAMQPChannel.go:351.80,355.2 3 0
github.com/mergermarket/run-amqp/connection/stubAMQPChannel.go:357.86,359.2 1 0
github.com/mergermarket/run-amqp/connection/stubAMQPChannel.go:361.67,365.2 3 0
github.com/mergermarket/run-amqp/connection/stubAMQPChannel.go:367.82,369.2 1 0
